<?xml version="1.0" encoding="UTF-8"?>
<!-- Generated by org.testng.reporters.JUnitXMLReporter -->
<testsuite hostname="LAPTOP-67M1RKGT" name="Default test" tests="3" failures="0" timestamp="22 Apr 2020 10:20:44 GMT" time="0.078" errors="0">
  <testcase name="Test3" time="0.015" classname="JavaPractice.TestNGAnnotationsTest"/>
  <testcase name="Test2" time="0.004" classname="JavaPractice.TestNGAnnotationsTest"/>
  <testcase name="Test1" time="0.002" classname="JavaPractice.TestNGAnnotationsTest"/>
</testsuite> <!-- Default test -->
