<?xml version="1.0" encoding="UTF-8"?>
<!-- Generated by org.testng.reporters.JUnitXMLReporter -->
<testsuite hostname="LAPTOP-67M1RKGT" name="Test" tests="1" failures="1" timestamp="22 Mar 2020 15:45:18 GMT" time="0.032" errors="0">
  <testcase name="loginPage" time="0.009" classname="demo.PracticeProject.OtherPractice">
    <failure type="org.testng.TestNGException" message="
The data provider is trying to pass 2 parameters but the method demo.PracticeProject.OtherPractice#loginPage takes 3 and TestNG is unable in inject a suitable object">
      <![CDATA[org.testng.TestNGException: 
The data provider is trying to pass 2 parameters but the method demo.PracticeProject.OtherPractice#loginPage takes 3 and TestNG is unable in inject a suitable object
Caused by: java.lang.ArrayIndexOutOfBoundsException: 2
	... 17 more
... Removed 19 stack frames]]>
    </failure>
  </testcase> <!-- loginPage -->
</testsuite> <!-- Test -->
