<?xml version="1.0" encoding="UTF-8"?>
<!-- Generated by org.testng.reporters.JUnitXMLReporter -->
<testsuite hostname="LAPTOP-67M1RKGT" failures="0" tests="3" name="Test" time="123.36" errors="0" timestamp="24 Mar 2020 06:44:04 GMT">
  <testcase classname="demo.PracticeProject.OtherPractice" name="loginPage" time="56.353"/>
  <testcase classname="demo.PracticeProject.OtherPractice" name="loginPage" time="36.747"/>
  <testcase classname="demo.PracticeProject.OtherPractice" name="loginPage" time="30.225"/>
</testsuite> <!-- Test -->
