<?xml version="1.0" encoding="UTF-8"?>
<testng-results skipped="0" failed="0" total="1" passed="1">
  <reporter-output>
  </reporter-output>
  <suite name="Default suite" duration-ms="82" started-at="2020-08-11T06:41:45Z" finished-at="2020-08-11T06:41:45Z">
    <groups>
    </groups>
    <test name="Default test" duration-ms="82" started-at="2020-08-11T06:41:45Z" finished-at="2020-08-11T06:41:45Z">
      <class name="JavaPractice.ReverseWordsInString">
        <test-method status="PASS" signature="wordsReverseInString()[pri:0, instance:JavaPractice.ReverseWordsInString@4883b407]" name="wordsReverseInString" duration-ms="48" started-at="2020-08-11T12:11:45Z" finished-at="2020-08-11T12:11:45Z">
          <reporter-output>
          </reporter-output>
        </test-method> <!-- wordsReverseInString -->
      </class> <!-- JavaPractice.ReverseWordsInString -->
    </test> <!-- Default test -->
  </suite> <!-- Default suite -->
</testng-results>
